[    0.000000] Initializing cgroup subsys cpuset
[    0.0000] Intializing cgroup subsys cpu
[    0.000000] Initializing cgroup subsys cpuacct
[    0.000000] Linux version 4.4.0-137-generic (buildd@lgw01-amd64-037) (gcc version 5.4.0 20160609 (Ubuntu 5.4.0-6ubuntu1~16.04.10) ) #163-Ubuntu SMP Mon Sep 24 13:14:43 UTC 2018 (Ubuntu 4.4.0-137.163-generic 4.4.144)
[    0.000000] Command line: BOOT_IMAGE=/boot/vmlinuz-4.4.0-137-generic root=UUID=1944b013-04db-427d-b9cb-2e000828c5db ro console=tty1 console=ttyS0
[    0.000000] KERNEL supported cpus:
[    0.000000]   Intel GenuineIntel
[    0.000000]   AMD AuthenticAMD
[    0.000000]   Centaur CentaurHauls
[    0.000000] x86/fpu: xstate_offset[2]:  576, xstate_sizes[2]:  256
[    0.000000] x86/fpu: Supporting XSAVE feature 0x01: 'x87 floating point registers'
[    0.000000] x86/fpu: Supporting XSAVE feature 0x02: 'SSE registers'
[    0.000000] x86/fpu: Supporting XSAVE feature 0x04: 'AVX registers'
[    0.000000] x86/fpu: Enabled xstate features 0x7, context size is 832 bytes, using 'standard' format.
[    0.000000] e820: BIOS-providedphsical RAMap:
[    0.000000] BIOS-e820: [mem 0x0000000000000000-0x000000000009fbff] usable
[    0.00000] BIOS-e820: [mem 0x000000000009fc00-00000009ff] reserved
[    0.000000] BIOS-e820: [mem 0x000000000000000-0x00000000000fffff] reserved
[    0.000000] BIOS-e820: [mem 0x0000000000100000-0x000000003ffeffff] usable
[    0.000000] BIOS-e820: [mem 0x000000003fff0000-0x000000003fffffff] ACPI data
[    0.000000] BIOS-e820: [mem 0x00000000fec00000-0x00000000fec00fff] reserved
[    0.000000] BIOS-e820: [mem 0x00000000fee00000-0x00000000fee00fff] reserved
[    0.000000] BIOS-e820: [mem 0x00000000fffc0000-0x00000000ffffffff] reserved
[    0.000000] NX (Execute Disable) protection: active
[    0.000000] SMBIOS 2.5 present.
[    0.000000] Hypervisor detected: KVM
[    0.000000] e82 last_pn 0x3fff0 max_arch_pfn = 0x400000000
[    0.000000] MTRR: Disabled
[    0.000000] x86/PAT: MTRRs disabled, skipping PAT initialization too.
[    0.000000] CPU MTRRs all blank - virtualized system.
[    0.000000] x86/PAT: Configuration [0-7]: WB  WT  UC- UC  WB  WT  UC- UC  
[    0.000000] found SMP MP-table at [mem 0x0009fff0-0x0009ffff] mapped at [ffff88000009fff0]
[    0.000000] Scanning 1 areas for low memory corruption
[    0.000000] RAMDISK: [mem 0x361f0000-0x370effff]
[    0.000000] ACPI: Early table checksum verification disabled
[    0.000000] ACPI: RSDP 0x00000000000E0000 000024 (v02 VBOX  )
[    0.000000] ACPI: XSDT 0x000000003FFF0030 00003C (v01 VBOX   VBOXXSDT 00000001 ASL  00000061)
[    0.000000] ACPI: FACP 0x000000003FFF00F0 0000F4 (v04 VBOX   VBOXFACP 00000001 ASL  00000061)
[    0.000000] ACPI: DSDT 0x000000003FFF0470 0021FF (v02 VBOX   VBOXBIOS 00000002 INTL 20100528)
[    0.000000] ACPI: FACS 0x000000003FFF0200 000040
[    0.000000] ACPI: FACS 0x000000003FFF0200 000040
[    0.000000] ACPI: APIC 0x000000003FFF0240 00005C (v02 VBOX   VBOXAPIC 00000001 ASL  00000061)
[    0.000000] ACPI: SSDT 0x000000003FFF02A0 0001CC (v01 VBOX   VBOXCPUT 00000002 INTL 20100528)
[    0.000000] No NUMA configuration found
[    0.000000]Faking ne t [mem 0x000000000000x000000003ffeffff]
[    0.000000] NODE_DATA(0) allocated [mem 0x3ffeb000-0x3ffeffff]
[    0.000000] kvm-clock: Using msrs 4b564d01 and 4b564d00
[    0.000000] kvm-clock: cpu 0, msr 0:3ffe3001, primary cpu clock
[    0.000000] kvm-clock: using sched offset of961161270 cycles[   0000] clocksource: kvm-clock: mask: 0xffffffffffffffff max_cycles: 0x1cd42e4dffb, max_idle_ns: 881590591483 ns
[    0.0000] ne raes
[    00000]   DMA      [mem 0x0000000000001000-0x0000000000ffffff]
[    0.000000]   DMA32    [mem 0x0000000001000000-0x000000003ffeffff]
[    0.000000]   Normal   empty
[    0.000000]   Device   empty
[    0.000000] Movable zone start for each node
[    0.000000] Early memory node ranges
[    0.000000]   node   0: [mem 0x0000000000001000-0x00000000009efff]
[    0.000000]   node   0: [mem 0x0000000000100000-0x000000003ffeffff]
[    0.000000] Initmem setup node 0 [mem 0x0000000000001000-0x000000003ffeffff]
[    0.000000] ACPI: PM-Timer IO Port: 0x4008
[    0.000000] IOAPIC[0]: apic_id 2, version 32, address 0xfec00000, GSI 0-23
[    0.000000] ACPI: INT_SRC_OVR (bus 0 bus_irq 0 global_irq 2 dfl dfl)
[    0.000000] ACPI: INT_SRC_OVR (bus 0 bus_irq 9 global_irq 9 low level)
[    0.000000] Using API (MADT) for SMP configuration information
[    0.000000] smpbt:Allowing 2 CPUs, 0 hotplug CPUs
[    0.000000] PM: Registered nosave memory: [mem 0x00000000-0x00000fff]
[    0.000000] PM: Registered nosave memory: [mem 0x0009f000-0x0009ffff]
[    0.000000] PM: Registered nosave memory: [mem 0x000a0000-0x0eff]
[    0.000000]PMReistered nosave memory: [me0x000f0000-0x000fffff]
[    0.000000] e820: [mem 0x40000000-0xfebfffff] available for PCI devices
[    0.000000] Booting paravirtualized kernel on KVM
[    0.000000] clocksource: refined-jiffies: mask: 0xffffffff max_cycles: 0xffffffff, max_idle_ns: 7645519021168s[   0.000] setup_percpuNRPU:512 nr_cpumask_bits:512 nr_cpu_ids:2 nr_node_ids:1
[    0.000000] PERCPU: Embedded 34 pages/cpu @ffff88003fc00000 s99608 r8192 d31464 u1048576
[    0.000000] PV qspinlock hash table entries: 256 (order: 0, 4096 bytes)
[    0.000000] Built 1 zonelists in Node order, mobility grouping on.  Total pages: 257912
[    0.000000] Policy zone: DMA32
[    0.000000] Kernel command line: BOOT_IMAGE=/boot/vmlinuz-4.4.0-137-generic root=UUID=1944b013-04db-427d-b9cb-2e000828c5db ro console=tty1 console=ttyS0
[    0.000000] PID hash table entries: 4096 (order: 3, 32768 bytes)
[    0.000000] Memory: 997144K/1048120K available (8555K kernel code, 1314K rwdata, 4004K rodata, 1528K init, 1316K bss, 50976K reserved, 0K cma-reserved)
[    0.000000] SLUB: HWalign=64, Order=0-3, MinObjects=0, CPUs=2, Nodes=1
[    0.000000] Kernel/User page tables isolation: enabled
[    0.000000]Hierarchical RCU implementation.
[    0.000000] 	Build-time adjustment of leaf fanout to 64.
[    0.000000] 	RCU restricting CPUs from NR_CPUS=512 to nr_cpu_ids=2.
[    0.000000] RCU: Adjusting geometry for rcu_fanout_leaf=64, nr_cpu_ids=2
[    0.00000] _IS:3024 nir:40 16
[  0.0000] Console: colour VGA+ 80x25
[   0.000000] console [tt1] enabled
[    0.000000] consle [ttyS0] enabled
[    0.000000] tsc: Detected 03.998 MHz processor[    1.622277] Calibrating delay loop (skipped) preset value.. 4607.99 BogoMIPS (lpj=9215992)
[    1.661770] pid_max: default: 32768 minimum: 301
[    1.662627] ACPI: Core revision 20150930
[    1.675630] ACPI: 2 ACPI AML tables successfully acquired and loaded
[    1.713066] Security Framework initialized
[    1.736991] Yama: becoming mindful.
[    1.737736] AppArmor: AppArmor initialized
[    1.738575] Dentry cache hash table entries: 131072 (order: 8, 1048576 bytes)
[    1.740973] Inode-cache hash table entries: 65536 (order: 7, 524288 bytes)
[    1.789408] Mount-cache hash table entries: 2048 (order: 2, 16384 bytes)
[    1.809900] Mountpoint-cache hash table entries: 2048 (order: 2, 16384 bytes)
[    1.857263] Initializing cgroup subsys io
[    1.898047] Initializing cgroup subsys memory
[    1.917098] Initializing cgroup subsys devices
[    1.945112] Initializing cgroup subsys freezer
[    1.957335] Initializing cgroup subsys net_cls
[    1.958158] Initializing cgroup subsys perf_event
[    1.984274] Initializing cgroup subsys net_prio
[    1.985122] Initializing cgroup subsys hugetlb
[    1.997341] Initializing cgroup subsys pids
[    1.999150] mce: CPU supports 0 MCE banks
[    2.001148] Last level iTLB entries: 4KB 64, 2MB 8, 4MB 8
[    2.002133] Last level dTLB entries: 4KB 64, 2MB 0, 4MB 0, 1GB 4
[    2.003430] Spectre V2 : Mitigation: Full generic retpoline
[    2.010069] Spectre V2 : Spectre v2 mitigation: Speculation control IBPB not-supported IBRS not-supported
[    2.069437] Spectre V2 : Spectre v2 / SpectreRSB mitigation: Filling RSB on context switch
[    2.071273] Speculative Store Bypass: Vulnerable
[    2.105726] Freeing SMP alternatives memory: 32K
[    2.124972] ftrace: allocating 32265 entries in 127 pages
[    2.229332] smpboot: APIC(0) Converting physical 0 to logical package 0
[    2.286065] smpboot: Max logical packages: 1
[    2.351613] x2apic enabled
[    2.364265] Switched APIC routing to physical x2apic.
[    2.402165] ..TIMER: vector=0x30 apic1=0 pin1=2 apic2=-1 pin2=-1
[    2.551472] smpboot: CPU0: Intel(R) Core(TM) i5-7360U CPU @ 2.30GHz (family: 0x6, model: 0x8e, stepping: 0x9)
[    2.587326] Performance Events: unsupported p6 CPU model 142 no PMU driver, software events only.
[    2.593231] KVM setup paravirtual spinlock
[    2.596600] x86: Booting SMP configuration:
[    2.597478] .... node  #0, CPUs:      #1
[    2.598326] kvm-clock: cpu 1, msr 0:3ffe3041, secondary cpu clock
[    2.600286] mce: CPU supports 0 MCE banks
[    2.602824] x86: Booted up 1 node, 2 CPUs
[    2.603866] smpboot: Total of 2 processors activated (9215.99 BogoMIPS)
[    2.605451] devtmpfs: initialized
[    2.607742] evm: security.selinux
[    2.608677] evm: security.SMACK64
[    2.609351] evm: security.SMACK64EXEC
[    2.610060] evm: security.SMACK64TRANSMUTE
[    2.611031] evm: security.SMACK64MMAP
[    2.615147] evm: security.ima
[    2.642292] evm: security.capability
[    2.647718] clocksource: jiffies: mask: 0xffffffff max_cycles: 0xffffffff, max_idle_ns: 7645041785100000 ns
[    2.673452] futex hash table entries: 512 (order: 3, 32768 bytes)
[    2.708017] pinctrl core: initialized pinctrl subsystem
[    2.761460] RTC time:  7:20:42, date: 10/18/18
[    2.789571] NET: Registered protocol family 16
[    2.800967] cpuidle: using governor ladder
[    2.836200] cpuidle: using governor menu
[    2.845262] PCCT header not found.
[    2.851445] ACPI: bus type PCI registered
[    2.879331] acpiphp: ACPI Hot Plug PCI Controller Driver version: 0.5
[    2.891527] PCI: Using configuration type 1 for base access
[    2.904916] ACPI: Added _OSI(Module Device)
[    2.916202] ACPI: Added _OSI(Processor Device)
[    2.936077] ACPI: Added _OSI(3.0 _SCP Extensions)
[    2.951825] ACPI: Added _OSI(Processor Aggregator Device)
[    3.000423] ACPI: Executed 1 blocks of module-level executable AML code
[    3.003246] ACPI: Interpreter enabled
[    3.024048] ACPI: (supports S0 S5)
[    3.024841] ACPI: Using IOAPIC for interrupt routing
[    3.057224] PCI: Using host bridge windows from ACPI; if necessary, use "pci=nocrs" and report a bug
[    3.140269] ACPI: PCI Root Bridge [PCI0] (domain 0000 [bus 00-ff])
[    3.141348] acpi PNP0A03:00: _OSC: OS supports [ASPM ClockPM Segments MSI]
[    3.191767] acpi PNP0A03:00: _OSC: not requesting OS control; OS requires [ExtendedConfig ASPM ClockPM MSI]
[    3.238425] acpi PNP0A03:00: fail to add MMCONFIG information, can't access extended PCI configuration space under this bridge.
[    3.292350] PCI host bridge to bus 0000:00
[    3.327007] pci_bus 0000:00: root bus resource [io  0x0000-0x0cf7 window]
[    3.373312] pci_bus 0000:00: root bus resource [io  0x0d00-0xffff window]
[    3.387838] pci_bus 0000:00: root bus resource [mem 0x000a0000-0x000bffff window]
[    3.406789] pci_bus 0000:00: root bus resource [mem 0x40000000-0xfdffffff window]
[    3.432528] pci_bus 0000:00: root bus resource [bus 00-ff]
[    3.481568] pci 0000:00:01.1: legacy IDE quirk: reg 0x10: [io  0x01f0-0x01f7]
[    3.536920] pci 0000:00:01.1: legacy IDE quirk: reg 0x14: [io  0x03f6]
[    3.597397] pci 0000:00:01.1: legacy IDE quirk: reg 0x18: [io  0x0170-0x0177]
[    3.652221] pci 0000:00:01.1: legacy IDE quirk: reg 0x1c: [io  0x0376]
[    3.693823] pci 0000:00:07.0: quirk: [io  0x4000-0x403f] claimed by PIIX4 ACPI
[    3.696765] pci 0000:00:07.0: quirk: [io  0x4100-0x410f] claimed by PIIX4 SMB
[    3.715466] ACPI: PCI Interrupt Link [LNKA] (IRQs 5 9 10 *11)
[    3.724425] ACPI: PCI Interrupt Link [LNKB] (IRQs 5 9 *10 11)
[    3.729238] ACPI: PCI Interrupt Link [LNKC] (IRQs 5 *9 10 11)
[    3.734342] ACPI: PCI Interrupt Link [LNKD] (IRQs 5 9 10 *11)
[    3.741902] ACPI: Enabled 2 GPEs in block 00 to 07
[    3.756664] vgaarb: setting as boot device: PCI:0000:00:02.0
[    3.757702] vgaarb: device added: PCI:0000:00:02.0,decodes=io+mem,owns=io+mem,locks=none
[    3.770276] vgaarb: loaded
[    3.770883] vgaarb: bridge control possible 0000:00:02.0
[    3.772045] SCSI subsystem initialized
[    3.772897] ACPI: bus type USB registered
[    3.796361] usbcore: registered new interface driver usbfs
[    3.836400] usbcore: registered new interface driver hub
[    3.885396] usbcore: registered new device driver usb
[    3.897321] PCI: Using ACPI for IRQ routing
[    3.919319] NetLabel: Initializing
[    3.933848] NetLabel:  domain hash size = 128
[    3.934665] NetLabel:  protocols = UNLABELED CIPSOv4
[    3.947903] NetLabel:  unlabeled traffic allowed by default
[    3.984812] amd_nb: Cannot enumerate AMD northbridges
[    4.024513] clocksource: Switched to clocksource kvm-clock
[    4.043141] Apprm: pAorilysm abd
[  4153]npPnACPI init
[  4709] pnp: PnP ACPI: found 3 devices

[    4.810623] clocksource: acpi_pm: mask: 0xffffff max_cycles: 0xffffff, max_idle_ns: 2085701024 ns
[    4.832244] NET: Registered protocol family 2
[    4.871162] TCP established hash table entries: 8192 (order: 4, 65536 bytes)
[    5.015753] TCP bind hash table entries: 8192 (order: 5, 131072 bytes)
[    5.016908] TCP: Hash tables configured (established 8192 bind 8192)
[    5.104808] UDP hash table entries: 512 (order: 2, 16384 bytes)
[    5.166617] UDP-Lite hash table entries: 512 (order: 2, 16384 bytes)
[    5.332944] NET: Registered protocol family 1
[    5.436062] pci 0000:00:00.0: Limiting direct PCI/PCI transfers
[    5.437000] pci 0000:00:01.0: Activating ISA DMA hang workarounds
[    5.438057] Unpacking initramfs...
[    5.641379] Freeing initrd memory: 15360K
[    5.665352] platform rtc_cmos: registered platform RTC device (no PNP device found)
[    5.736584] Scanning for low memory corruption every 60 seconds
[    5.856661] audit: initializing netlink subsys (disabled)
[    5.857622] audit: type=2000 audit(1539847247.423:1): initialized
[    5.858753] Initialise system trusted keyring
[    5.859772] HugeTLB registered 2 MB page size, pre-allocated 0 pages
[    5.861874] zbud: loaded
[    5.862730] VFS: Disk quotas dquot_6.6.0
[    5.863537] VFS: Dquot-cache hash table entries: 512 (order 0, 4096 bytes)
[    5.872247] squashfs: version 4.0 (2009/01/31) Phillip Lougher
[    5.877743] fuse init (API version 7.23)
[    5.887695] Key type big_key registered
[    5.895354] Allocating IMA MOK and blacklist keyrings.
[    5.909793] Key type asymmetric registered
[    5.913712] Asymmetric key parser 'x509' registered
[    5.918722] Block layer SCSI generic (bsg) driver version 0.4 loaded (major 249)
[    5.938049] io scheduler noop registered
[    5.938824] io scheduler deadline registered (default)
[    5.939808] io scheduler cfq registered
[    5.940639] pci_hotplug: PCI Hot Plug PCI Core version: 0.5
[    5.954527] pciehp: PCI Express Hot Plug Controller Driver version: 0.4
[    5.965962] ACPI: AC Adapter [AC] (on-line)
[    5.984158] input: Power Button as /devices/LNXSYSTM:00/LNXPWRBN:00/input/input0
[    6.094231] ACPI: Power Button [PWRF]
[    6.095041] input: Sleep Button as /devices/LNXSYSTM:00/LNXSLPBN:00/input/input1
[    6.096433] ACPI: Sleep Button [SLPF]
[    6.105597] GHES: HEST is not enabled!
[    6.110447] Serial: 8250/16550 driver, 32 ports, IRQ sharing enabled
[    6.133224] 00:02: ttyS0 at I/O 0x3f8 (irq = 4, base_baud = 115200) is a 16550A
[    6.166917] Linux agpgart interface v0.103
[    6.218815] loop: module loaded
[    6.250403] scsi host0: ata_piix
[    6.266780] scsi host1: ata_piix
[    6.270635] ata1: PATA max UDMA/33 cmd 0x1f0 ctl 0x3f6 bmdma 0xd000 irq 14
[    6.282138] ata2: PATA max UDMA/33 cmd 0x170 ctl 0x376 bmdma 0xd008 irq 15
[    6.362468] libphy: Fixed MDIO Bus: probed
[    6.363253] tun: Universal TUN/TAP device driver, 1.6
[    6.423246] tun: (C) 1999-2004 Max Krasnyansky <maxk@qualcomm.com>
[    6.583014] PPP generic driver version 2.4.2
[    6.646525] ehci_hcd: USB 2.0 'Enhanced' Host Controller (EHCI) Driver
[    6.768726] tsc: Refined TSC clocksource calibration: 2303.854 MHz
[    6.816097] clocksource: tsc: mask: 0xffffffffffffffff max_cycles: 0x21356ded108, max_idle_ns: 440795237663 ns
[    6.816192] ehci-pci: EHCI PCI platform driver
[    6.816224] ehci-platform: EHCI generic platform driver
[    6.816236] ohci_hcd: USB 1.1 'Open' Host Controller (OHCI) Driver
[    6.816238] ohci-pci: OHCI PCI platform driver
[    6.816245] ohci-platform: OHCI generic platform driver
[    6.816250] uhci_hcd: USB Universal Host Controller Interface driver
[    6.816301] i8042: PNP: PS/2 Controller [PNP0303:PS2K,PNP0f03:PS2M] at 0x60,0x64 irq 1,12
[    6.816707] serio: i8042 KBD port at 0x60,0x64 irq 1
[    6.816711] serio: i8042 AUX port at 0x60,0x64 irq 12
[    6.943747] mousedev: PS/2 mouse device common for all mice
[    6.944046] input: AT Translated Set 2 keyboard as /devices/platform/i8042/serio0/input/input2
[    6.944411] rtc_cmos rtc_cmos: rtc core: registered rtc_cmos as rtc0
[    6.944473] rtc_cmos rtc_cmos: alarms up to one day, 114 bytes nvram
[    6.944481] i2c /dev entries driver
[    6.944538] device-mapper: uevent: version 1.0.3
[    6.944595] device-mapper: ioctl: 4.34.0-ioctl (2015-10-28) initialised: dm-devel@redhat.com
[    6.944614] ledtrig-cpu: registered to indicate activity on CPUs
[    6.944924] NET: Registered protocol family 10
[    6.945126] NET: Registered protocol family 17
[    6.945136] Key type dns_resolver registered
[    6.945438] registered taskstats version 1
[    6.945450] Loading compiled-in X.509 certificates
[    6.946087] Loaded X.509 cert 'Build time autogenerated kernel key: 20acc96b50ca7641011eace69d32209215a9b56f'
[    6.946108] zswap: loaded using pool lzo/zbud
[    6.947628] Key type trusted registered
[    6.949860] Key type encrypted registered
[    6.949868] AppArmor: AppArmor sha1 policy hashing enabled
[    6.949870] ima: No TPM chip found, activating TPM-bypass!
[    6.949877] ima: Allocated hash algorithm: sha1
[    6.949889] evm: HMAC attrs: 0x1
[    6.950175]   Magic number: 6:389:319
[    6.950194] tty tty44: hash matches
[    6.958839] rtc_cmos rtc_cmos: setting system clock to 2018-10-18 07:20:46 UTC (1539847246)
[    6.958962] BIOS EDD facility v0.16 2004-Jun-25, 0 devices found
[    6.958962] EDD information not available.
[    8.042766] Freeing unused kernel memory: 1528K
[    8.066212] Write protecting the kernel read-only data: 14336k
[    8.689906] Freeing unused kernel memory: 1672K
[    9.037814] Freeing unused kernel memory: 92K
Loading, please [    9.051542] random: systemd-udevd: uninitialized urandom read (16 bytes read, 7 bits of entropy available)
wait...
starting version 229
[    9.052068] random: udevadm: uninitialized urandom read (16 bytes read, 7 bits of entropy available)
[    9.052084] random: udevadm: uninitialized urandom read (16 bytes read, 7 bits of entropy available)
[    9.057891] random: udevadm: uninitialized urandom read (16 bytes read, 7 bits of entropy available)
[    9.057924] random: udevadm: uninitialized urandom read (16 bytes read, 7 bits of entropy available)
[    9.058021] random: udevadm: uninitialized urandom read (16 bytes read, 7 bits of entropy available)
[    9.058056] random: udevadm: uninitialized urandom read (16 bytes read, 7 bits of entropy available)
[    9.058091] random: udevadm: uninitialized urandom read (16 bytes read, 7 bits of entropy available)
[    9.058127] random: udevadm: uninitialized urandom read (16 bytes read, 7 bits of entropy available)
[    9.058163] random: udevadm: uninitialized urandom read (16 bytes read, 7 bits of entropy available)
[    9.151828] e1000: Intel(R) PRO/1000 Network Driver - version 7.3.21-k8-NAPI
[    9.154877] e1000: Copyright (c) 1999-2006 Intel Corporation.
[    9.189447] Fusion MPT base driver 3.04.20
[    9.190179] Copyright (c) 1999-2008 LSI Corporation
[    9.196056] AVX2 version of gcm_enc/dec engaged.
[    9.197019] AES CTR mode by8 optimization enabled
[    9.206531] Fusion MPT SPI Host driver 3.04.20
[    9.409988] input: ImExPS/2 Generic Explorer Mouse as /devices/platform/i8042/serio1/input/input4
[    9.527338] e1000 0000:00:03.0 eth0: (PCI:33MHz:32-bit) 02:fb:a8:4c:29:d0
[   10.369504] e1000 0000:00:03.0 eth0: Intel(R) PRO/1000 Network Connection
[   11.052522] e1000 0000:00:08.0 eth1: (PCI:33MHz:32-bit) 08:00:27:a5:90:1b
[   11.396632] e1000 0000:00:08.0 eth1: Intel(R) PRO/1000 Network Connection
[   11.410787] mptbase: ioc0: Initiating bringup
[   11.411180] e1000 0000:00:08.0 enp0s8: renamed from eth1
[   11.573671] e1000 0000:00:03.0 enp0s3: renamed from eth0
[   11.689478] ioc0: LSI53C1030 A0: Capabilities={Initiator}
[   11.886299] scsi host2: ioc0: LSI53C1030 A0, FwRev=00000000h, Ports=1, MaxQ=256, IRQ=20
[   12.002393] scsi 2:0:0:0: Direct-Access     VBOX     HARDDISK         1.0  PQ: 0 ANSI: 5
[   12.045728] scsi target2:0:0: Beginning Domain Validation
[   12.079359] scsi target2:0:0: Domain Validation skipping write tests
[   12.125262] scsi target2:0:0: Ending Domain Validation
[   12.173521] scsi target2:0:0: asynchronous
[   12.211338] scsi 2:0:1:0: Direct-Access     VBOX     HARDDISK         1.0  PQ: 0 ANSI: 5
[   12.379704] scsi target2:0:1: Beginning Domain Validation
[   12.381460] scsi target2:0:1: Domain Validation skipping write tests
[   12.382552] scsi target2:0:1: Ending Domain Validation
[   12.383517] scsi target2:0:1: asynchronous
[   12.391604] sd 2:0:0:0: [sda] 20971520 512-byte logical blocks: (10.7 GB/10.0 GiB)
[   12.394739] sd 2:0:0:0: [sda] Write Protect is off
[   12.396063] sd 2:0:0:0: [sda] Incomplete mode parameter data
[   12.396687] sd 2:0:0:0: Attached scsi generic sg0 type 0
[   12.421527] sd 2:0:1:0: Attached scsi generic sg1 type 0
[   12.449253] sd 2:0:0:0: [sda] Assuming drive cache: write through
[   12.473600] sd 2:0:1:0: [sdb] 20480 512-byte logical blocks: (10.5 MB/10.0 MiB)
[   12.626244] sd 2:0:1:0: [sdb] Write Protect is off
[   12.627386] sd 2:0:1:0: [sdb] Incomplete mode parameter data
[   12.630591]  sda: sda1
[   12.637258] sd 2:0:0:0: [sda] Attached SCSI disk
[   12.673259] sd 2:0:1:0: [sdb] Assuming drive cache: write through
[   12.849669] sd 2:0:1:0: [sdb] Attached SCSI disk
Begin: Loading e[   14.315171] md: linear personality registered for level -1
ssential drivers ... [   14.440866] md: multipath personality registered for level -4
[   14.526743] md: raid0 personality registered for level 0
[   14.560458] md: raid1 personality registered for level 1
[   14.636665] raid6: sse2x1   gen()  8549 MB/s
[   14.705849] raid6: sse2x1   xor()  9333 MB/s
[   14.772703] raid6: sse2x2   gen() 14707 MB/s
[   14.898342] raid6: sse2x2   xor() 11540 MB/s
[   15.082142] raid6: sse2x4   gen() 17582 MB/s
[   15.272854] raid6: sse2x4   xor() 11662 MB/s
[   15.440575] raid6: avx2x1   gen() 24739 MB/s
[   15.570722] raid6: avx2x2   gen() 29884 MB/s
[   15.700562] raid6: avx2x4   gen() 19722 MB/s
[   15.795626] raid6: using algorithm avx2x2 gen() 29884 MB/s
[   15.915990] raid6: using avx2x2 recovery algorithm
[   15.953979] xor: automatically using best checksumming function:
[   16.004770]    avx       : 27398.000 MB/sec
[   16.027989] async_tx: api initialized (async)
[   16.034297] md: raid6 personality registered for level 6
[   16.045919] md: raid5 personality registered for level 5
[   16.047058] md: raid4 personality registered for level 4
[   16.069619] md: raid10 personality registered for level 10
done.
Begin: Running /scripts/init-premount ... done.
Begin: Mounting root file system ... Begin: Running /[   16.096790] Btrfs loaded
scripts/local-top ... done.
Begin: Running /scripts/local-premount ... Scanning for Btrfs filesystems
done.
Warning: fsck no[   16.255429] EXT4-fs (sda1): INFO: recovery required on readonly filesystem
t present, so sk[   16.296936] EXT4-fs (sda1): write access will be enabled during recovery
ipping root file system
[   16.447256] random: nonblocking pool is initialized
[   17.050672] EXT4-fs (sda1): orphan cleanup on readonly fs
[   17.620018] EXT4-fs (sda1): 6 orphan inodes deleted
[   18.028637] EXT4-fs (sda1): recovery complete
[   18.031386] EXT4-fs (sda1): mounted filesystem with ordered data mode. Opts: (null)
done.
Begin: Running /scripts/local-bottom ... done.
Begin: Running /scripts/init-bottom ... done.
[   18.776972] systemd[1]: systemd 229 running in system mode. (+PAM +AUDIT +SELINUX +IMA +APPARMOR +SMACK +SYSVINIT +UTMP +LIBCRYPTSETUP +GCRYPT +GNUTLS +ACL +XZ -LZ4 +SECCOMP +BLKID +ELFUTILS +KMOD -IDN)
[   18.855594] systemd[1]: Detected virtualization oracle.
[   18.856535] systemd[1]: Detected architecture x86-64.

Welcome to [1mUbuntu 16.04.5 LTS[0m!

[   18.961726] systemd[1]: Set hostname to <ubuntu-xenial>.
[   20.044908] systemd[1]: Started Forward Password Requests to Wall Directory Watch.
[[0;32m  OK  [0m] Started Forward Password Requests to Wall Directory Watch.
[   20.047325] systemd[1]: Reached target Encrypted Volumes.
[[0;32m  OK  [0m] Reached target Encrypted Volumes.
[ 20897]ysmd]:Listening onoualoct delo.
[[0;32m  OK  [0m] Listening on Journal Socket (/dev/log).
[   0.65] std[1]Rehetarget System TimeSyhronze
[[0;32m  OK  [0m] Reached target System Time Synchronized.
[   21.281820] systemd[1]: Created slice User and Session Slice.
[[0;32m  OK  [0m] Created slice User and Session Slice.
[   21.299200] systemd[1]: Reached target User and Group Name Lookups.
[[0;32m  OK  [0m] Reached target User and Group Name Lookups.
[   21.301547] systemd[1]: Listening on /dev/initctl Compatibility Named Pipe.
[[0;32m  OK  [0m] Listening on /dev/initctl Compatibility Named Pipe.
[   21.304148] systemd[1]: Set up automount Arbitrary Executable File Formats File System Automount Point.
[[0;32m  OK  [0m] Set up automount Arbitrary Executab...ats File System Automount Point.
[   21.307366] systemd[1]: Listening on udev Kernel Socket.
[[0;32m  OK  [0m] Listening on udev Kernel Socket.
[   21.309168] systemd[1]: Listening on LVM2 poll daemon socket.
[[0;32m  OK  [0m] Listening on LVM2 poll daemon socket.
[   21.311080] systemd[1]: Listening on Journal Audit Socket.
[[0;32m  OK  [0m] Listening on Journal Audit Socket.
[   21.312910] systemd[1]: Listening on Syslog Socket.
[[0;32m  OK  [0m] Listening on Syslog Socket.
[   21.329616] systemd[1]: Listening on LVM2 metadata daemon socket.
[[0;32m  OK  [0m] Listening on LVM2 metadata daemon socket.
[   21.337593] systemd[1]: Listening on Journal Socket.
[[0;32m  OK  [0m] Listening on Journal Socket.
[   21.339606] systemd[1]: Listening on Device-mapper event daemon FIFOs.
[[0;32m  OK  [0m] Listening on Device-mapper event daemon FIFOs.
[   21.342918] systemd[1]: Started Trigger resolvconf update for networkd DNS.
[[0;32m  OK  [0m] Started Trigger resolvconf update for networkd DNS.
[   21.376977] systemd[1]: Created slice System Slice.
[[0;32m  OK  [0m] Created slice System Slice.
[   21.401052] systemd[1]: Starting Nameserver information manager...
         Starting Nameserver information manager...
[   21.541113] systemd[1]: Mounting Debug File System...
         Mounting Debug File System...
[   21.589931] systemd[1]: Starting Uncomplicated firewall...
         Starting Uncomplicated firewall...
[   21.653126] systemd[1]: Starting Create list of required static device nodes for the current kernel...
         Starting Create list of required st... nodes for the current kernel...
[ 21618]ysmd1]: Created slice system-serial\x2dgettsle.
[[0;32m  OK  [0m] Created slice system-serial\x2dgetty.slice.
[   22.196717] systemd[1]: Mounting Huge Pages File System...
         Mounting Huge Pages File System...
[   22.214625] systemd[1]: Reached target Slices.
[[0;32m  OK  [0m] Reached target Slices.
[   22.249108] systemd[1]: Mounting POSIX Message Queue File System...
         Mounting POSIX Message Queue File System...
[   22.270437] systemd[1]: Starting Remount Root and Kernel File Systems...
         Starting Remount Root and Kernel File Systems...[   22.299742] EXT4-fs (sda1): re-mounted. Opts: (null)

[   22.421364] systemd[1]: Starting Load Kernel Modules...
         Starting Load Kernel Modules...
[   22.437142] systemd[1]: Starting Journal Service...
         Starting Journal Service...
[   22.500764] systemd[1]: Starting Set console keymap...
         Starting Set console keymap...
[ 22.556402] systemd[1]: Listening on udev Control Socket.

[[0;32m  OK  [0m] Listening on udev Control Socket.
[   22.657140] systemd[1]: Starting Monitoring of LVM2 mirrors, snapshots etc. using dmeventd or progress polling...
         Starting Monitoring of LVM2 mirrors... dmeventd or progress polling...
[   22.677882] systemd[1]: Reached target Swap.
[   22.678906] Loading iSCSI transport class v2.0-870.
[[0;32m  OK  [0m] Reached target Swap.
[   22178]ysmd]: Mounted POS Message Queue File System.

[[0;32m  OK  [0m] Mounted POSIX Message Queue File System.
[   23.033530] ysmd]:oued Debug File System.

[[0;32m  OK  [0m] Mounted Debug File System.
[   23.250149] systemd[1]: Mounted Huge Pages File System.
[[0;32m  OK  [0m] Mounted Huge Pages File System.
[   23.265529] systemd[1]: Started Uncomplicated firewall.
[[0;32m  OK  [0m] Started Uncomplicated firewall.
[   23.280869] systemd[1]: Started Create list of required static device nodes for the current kernel.
[[0;32m  OK  [0m] Started Create list of required sta...ce nodes for the current kernel.
[   23.293147] systemd[1]: Started Remount Root and Kernel File Systems.
[[0;32m  OK  [0m] Started Remount Root and Kernel File Systems.
[   23.369455] iscsi: registered transport (tcp)
[   24.256748] systemd[1]: Started Nameserver information manager.
[[0;32m  OK  [0m] Started Nameserver information manager.
[   24.259878] systemd[1]: Started Journal Service.
[[0;32m  OK  [0m] Started Journal Service.
[[0;32m  OK  [0m] Started Set console keymap.
         Starting Flush Journal to Persistent Storage...
         Starting Load/Save Random Seed...
         Starting udev Coldplug all Devices...
         Starting Create Static Device Nodes in /dev...
[[0;32m  OK  [0m] Started Load/Save Random Seed.
[   24.576188] systemd-journald[396]: Received request to flush runtime journal from PID 1
[[0;32m  OK  [0m] Started udev Coldplug all Devices.
[[0;32m  OK  [0m] Started Flush Journal to Persistent Storage.
[[0;32m  OK  [0m] Started LVM2 metadata daemon.
[   24.867346] iscsi: registered transport (iser)
[[0;32m  OK  [0m] Started Load Kernel Modules.
         Mounting FUSE Control File System...
         Starting Apply Kernel Variables...
[[0;32m  OK  [0m] Mounted FUSE Control File System.
[[0;32m  OK  [0m] Started Apply Kernel Variables.
[[0;32m  OK  [0m] Started Create Static Device Nodes in /dev.
         Starting udev Kernel Device Manager...
[[0;32m  OK  [0m] Started Monitoring of LVM2 mirrors,...ng dmeventd or progress polling.
[[0;32m  OK  [0m] Started udev Kernel Device Manager.
[[0;32m  OK  [0m] Reached target Local File Systems (Pre).
[[0;32m  OK  [0m] Reached target Local File Systems.
         Starting Tell Plymouth To Write Out Runtime Data...
         Starting Create Volatile Files and Directories...
         Starting Initial cloud-init job (pre-networking)...
         Starting Set console font and keymap...
         Starting LSB: AppArmor initialization...
[[0;32m  OK  [0m] Started Dispatch Password Requests to Console Directory Watch.
[[0;32m  OK  [0m] Started Create Volatile Files and Directories.
         Starting Update UTMP about System Boot/Shutdown...
[[0;32m  OK  [0m] Started Tell Plymouth To Write Out Runtime Data.
[[0;32m  OK  [0m] Started Update UTMP about System Boot/Shutdown.
[[0;32m  OK  [0m] Found device /dev/ttyS0.
[[0;32m  OK  [0m] Listening on Load/Save RF Kill Switch Status /dev/rfkill Watch.
[[0;32m  OK  [0m] Found device 82540EM Gigabit Ethern...r (PRO/1000 MT Desktop Adapter).
[[0;32m  OK  [0m] Found device 82540EM Gigabit Ethern...r (PRO/1000 MT Desktop Adapter).
[[0;32m  OK  [0m] Started Set console font and keymap.
[[0;32m  OK  [0m] Created slice system-getty.slice.
[[0;32m  OK  [0m] Started LSB: AppArmor initialization.
[   28.658032] cloud-init[488]: Cloud-init v. 18.3-9-g2e62cb8a-0ubuntu1~16.04.2 running 'init-local' at Thu, 18 Oct 2018 07:21:11 +0000. Up 27.92 seconds.
[[0;32m  OK  [0m] Started Initial cloud-init job (pre-networking).
[[0;32m  OK  [0m] Reached target Network (Pre).
[[0;32m  OK  [0m] Started ifup for enp0s8.
[[0;32m  OK  [0m] Started ifup for enp0s3.
         Starting Raise network interfaces...
[[0;32m  OK  [0m] Started Raise network interfaces.
         Starting Initial cloud-init job (metadata service crawler)...
[[0;32m  OK  [0m] Reached target Network.
[   30.871183] cloud-init[1061]: Cloud-init v. 18.3-9-g2e62cb8a-0ubuntu1~16.04.2 running 'init' at Thu, 18 Oct 2018 07:21:13 +0000. Up 29.95 seconds.
[   30.952833] cloud-init[1061]: ci-info: ++++++++++++++++++++++++++++++++++++++Net device info+++++++++++++++++++++++++++++++++++++++
[   30.953022] cloud-init[1061]: ci-info: +--------+------+-----------------------------+---------------+--------+-------------------+
[   30.953182] cloud-init[1061]: ci-info: | Device |  Up  |           Address           |      Mask     | Scope  |     Hw-Address    |
[   30.953330] cloud-init[1061]: ci-info: +--------+------+-----------------------------+---------------+--------+-------------------+
[   30.953479] cloud-init[1061]: ci-info: | enp0s3 | True |          10.0.2.15          | 255.255.255.0 | global | 02:fb:a8:4c:29:d0 |
[   30.953659] cloud-init[1061]: ci-info: | enp0s3 | True |  fe80::fb:a8ff:fe4c:29d0/64 |       .       |  link  | 02:fb:a8:4c:29:d0 |
[   30.953810] cloud-init[1061]: ci-info: | enp0s8 | True |        192.168.33.10        | 255.255.255.0 | global | 08:00:27:a5:90:1b |
[   30.953965] cloud-init[1061]: ci-info: | enp0s8 | True | fe80::a00:27ff:fea5:901b/64 |       .       |  link  | 08:00:27:a5:90:1b |
[   30.954120] cloud-init[1061]: ci-info: |   lo   | True |          127.0.0.1          |   255.0.0.0   |  host  |         .         |
[   30.954275] cloud-init[1061]: ci-info: |   lo   | True |           ::1/128           |       .       |  host  |         .         |
[   30.954434] cloud-init[1061]: ci-info: +--------+------+-----------------------------+---------------+--------+-------------------+
[   30.954588] cloud-init[1061]: ci-info: ++++++++++++++++++++++++++++Route IPv4 info++++++++++++++++++++++++++++
[   30.954749] cloud-init[1061]: ci-info: +-------+--------------+----------+---------------+-----------+-------+
[   30.954913] cloud-init[1061]: ci-info: | Route | Destination  | Gateway  |    Genmask    | Interface | Flags |
[   30.955068] cloud-init[1061]: ci-info: +-------+--------------+----------+---------------+-----------+-------+
[   30.955224] cloud-init[1061]: ci-info: |   0   |   0.0.0.0    | 10.0.2.2 |    0.0.0.0    |   enp0s3  |   UG  |
[   30.955380] cloud-init[1061]: ci-info: |   1   |   10.0.2.0   | 0.0.0.0  | 255.255.255.0 |   enp0s3  |   U   |
[   30.955536] cloud-init[1061]: ci-info: |   2   | 192.168.33.0 | 0.0.0.0  | 255.255.255.0 |   enp0s8  |   U   |
[   30.955694] cloud-init[1061]: ci-info: +-------+--------------+----------+---------------+-----------+-------+
[   30.955851] cloud-init[1061]: ci-info: +++++++++++++++++++Route IPv6 info+++++++++++++++++++
[   30.956076] cloud-init[1061]: ci-info: +-------+-------------+---------+-----------+-------+
[   30.956199] cloud-init[1061]: ci-info: | Route | Destination | Gateway | Interface | Flags |
[   30.956331] cloud-init[1061]: ci-info: +-------+-------------+---------+-----------+-------+
[   30.956482] cloud-init[1061]: ci-info: |   0   |  fe80::/64  |    ::   |   enp0s8  |   U   |
[   30.956633] cloud-init[1061]: ci-info: |   1   |  fe80::/64  |    ::   |   enp0s3  |   U   |
[   30.956784] cloud-init[1061]: ci-info: |   4   |   ff00::/8  |    ::   |   enp0s8  |   U   |
[   30.956938] cloud-init[1061]: ci-info: |   5   |   ff00::/8  |    ::   |   enp0s3  |   U   |
[   30.957090] cloud-init[1061]: ci-info: +-------+-------------+---------+-----------+-------+
[[0;32m  OK  [0m] Started Initial cloud-init job (metadata service crawler).
[[0;32m  OK  [0m] Reached target System Initialization.
         Starting LXD - unix socket.
         Starting Socket activation for snappy daemon.
[[0;32m  OK  [0m] Listening on ACPID Listen Socket.
[[0;32m  OK  [0m] Started Daily apt download activities.
[[0;32m  OK  [0m] Started Daily apt upgrade and clean activities.
[[0;32m  OK  [0m] Listening on D-Bus System Message Bus Socket.
[[0;32m  OK  [0m] Started ACPI Events Check.
[[0;32m  OK  [0m] Reached target Paths.
[[0;32m  OK  [0m] Started Daily Cleanup of Temporary Directories.
[[0;32m  OK  [0m] Reached target Timers.
[[0;32m  OK  [0m] Listening on UUID daemon activation socket.
[[0;32m  OK  [0m] Reached target Cloud-config availability.
[[0;32m  OK  [0m] Reached target Network is Online.
         Starting iSCSI initiator daemon (iscsid)...
[[0;32m  OK  [0m] Listening on LXD - unix socket.
[[0;32m  OK  [0m] Listening on Socket activation for snappy daemon.
[[0;32m  OK  [0m] Reached target Sockets.
[[0;32m  OK  [0m] Reached target Basic System.
         Starting LXD - container startup/shutdown...
         Starting /etc/rc.local Compatibility...
         Starting Login Service...
[[0;32m  OK  [0m] Started Unattended Upgrades Shutdown.
[[0;32m  OK  [0m] Started Deferred execution scheduler.
[[0;32m  OK  [0m] Started FUSE filesystem for LXC.
         Starting LSB: MD monitoring daemon...
         Starting Accounts Service...
         Starting Virtualbox guest utils...
[[0;32m  OK  [0m] Started Regular background program processing daemon.
[[0;32m  OK  [0m] Started ACPI event daemon.
[[0;32m  OK  [0m] Started D-Bus System Message Bus.
         Starting LSB: Record successful boot for GRUB...
         Starting Snappy daemon...
         Starting MySQL Community Server...
         Starting System Logging Service...
         Starting OpenBSD Secure Shell server...
[[0;32m  OK  [0m] Started iSCSI initiator daemon (iscsid).
[[0;32m  OK  [0m] Started /etc/rc.local Compatibility.
         Starting Login to default iSCSI targets...
[[0;32m  OK  [0m] Started Login Service.
[[0;32m  OK  [0m] Started LSB: Record successful boot for GRUB.
         Starting Authenticate and Authorize Users to Run Privileged Tasks...
[[0;32m  OK  [0m] Started LSB: MD monitoring daemon.
[[0;32m  OK  [0m] Started Login to default iSCSI targets.
[[0;32m  OK  [0m] Reached target Remote File Systems (Pre).
[[0;32m  OK  [0m] Reached target Remote File Systems.
         Starting LSB: Apache2 web server...
         Starting LSB: daemon to balance interrupts for SMP systems...
         Starting LSB: Set the CPU Frequency Scaling governor to "ondemand"...
         Starting Permit User Sessions...
         Starting LSB: automatic crash report generation...
[[0;32m  OK  [0m] Started LSB: Set the CPU Frequency Scaling governor to "ondemand".
[[0;32m  OK  [0m] Started Permit User Sessions.
         Starting Hold until boot process finishes up...
         Starting Terminate Plymouth Boot Screen...
[[0;32m  OK  [0m] Started Hold until boot process finishes up.
[[0;32m  OK  [0m] Started Terminate Plymouth Boot Screen.
[[0;32m  OK  [0m] Started Getty on tty1.
         Starting Set console scheme...
[[0;32m  OK  [0m] Started Serial Getty on ttyS0.
[[0;32m  OK  [0m] Reached target Login Prompts.
[[0;32m  OK  [0m] Started LSB: daemon to balance interrupts for SMP systems.
[[0;32m  OK  [0m] Started Set console scheme.
[[0;32m  OK  [0m] Started System Logging Service.
[[0;32m  OK  [0m] Started LSB: automatic crash report generation.
[[0;32m  OK  [0m] Started Authenticate and Authorize Users to Run Privileged Tasks.
[[0;32m  OK  [0m] Started Virtualbox guest utils.
[[0;32m  OK  [0m] Started Accounts Service.
[[0;32m  OK  [0m] Started OpenBSD Secure Shell server.
[[0;32m  OK  [0m] Started LXD - container startup/shutdown.
[[0;32m  OK  [0m] Created slice User Slice of vagrant.
         Starting User Manager for UID 1000...
[[0;32m  OK  [0m] Started Session 1 of user vagrant.
[[0;32m  OK  [0m] Started User Manager for UID 1000.

Ubuntu 16.04.5 LTS ubuntu-xenial ttyS0

ubuntu-xenial login: [   42.685747] cloud-init[1378]: Cloud-init v. 18.3-9-g2e62cb8a-0ubuntu1~16.04.2 running 'modules:config' at Thu, 18 Oct 2018 07:21:24 +0000. Up 41.72 seconds.
[   50.244074] cloud-init[1840]: Cloud-init v. 18.3-9-g2e62cb8a-0ubuntu1~16.04.2 running 'modules:final' at Thu, 18 Oct 2018 07:21:33 +0000. Up 50.08 seconds.
[   50.244596] cloud-init[1840]: Cloud-init v. 18.3-9-g2e62cb8a-0ubuntu1~16.04.2 finished at Thu, 18 Oct 2018 07:21:33 +0000. Datasource DataSourceNoCloud [seed=/dev/sdb][dsmode=net].  Up 50.23 seconds
